This is pdfTeX, Version 3.14159265-2.6-1.40.17 (TeX Live 2016) (preloaded format=pdflatex 2017.1.22)  16 MAR 2017 11:22
entering extended mode
 restricted \write18 enabled.
 file:line:error style messages enabled.
 %&-line parsing enabled.
**bachelorthesis.tex
(./bachelorthesis.tex
LaTeX2e <2016/03/31>
Babel <3.9r> and hyphenation patterns for 83 language(s) loaded.
(./rvsbachelor.cls
Document Class: rvsbachelor 2004/10/13 Extension LaTeX class
(/usr/local/texlive/2016/texmf-dist/tex/latex/base/report.cls
Document Class: report 2014/09/29 v1.4h Standard LaTeX document class
(/usr/local/texlive/2016/texmf-dist/tex/latex/base/size11.clo
File: size11.clo 2014/09/29 v1.4h Standard LaTeX file (size option)
)
\c@part=\count79
\c@chapter=\count80
\c@section=\count81
\c@subsection=\count82
\c@subsubsection=\count83
\c@paragraph=\count84
\c@subparagraph=\count85
\c@figure=\count86
\c@table=\count87
\abovecaptionskip=\skip41
\belowcaptionskip=\skip42
\bibindent=\dimen102
))
(/usr/local/texlive/2016/texmf-dist/tex/latex/base/inputenc.sty
Package: inputenc 2015/03/17 v1.2c Input encoding file
\inpenc@prehook=\toks14
\inpenc@posthook=\toks15

(/usr/local/texlive/2016/texmf-dist/tex/latex/base/latin1.def
File: latin1.def 2015/03/17 v1.2c Input encoding file
))
(/usr/local/texlive/2016/texmf-dist/tex/latex/graphics/graphicx.sty
Package: graphicx 2014/10/28 v1.0g Enhanced LaTeX Graphics (DPC,SPQR)

(/usr/local/texlive/2016/texmf-dist/tex/latex/graphics/keyval.sty
Package: keyval 2014/10/28 v1.15 key=value parser (DPC)
\KV@toks@=\toks16
)
(/usr/local/texlive/2016/texmf-dist/tex/latex/graphics/graphics.sty
Package: graphics 2016/05/09 v1.0r Standard LaTeX Graphics (DPC,SPQR)

(/usr/local/texlive/2016/texmf-dist/tex/latex/graphics/trig.sty
Package: trig 2016/01/03 v1.10 sin cos tan (DPC)
)
(/usr/local/texlive/2016/texmf-dist/tex/latex/graphics-cfg/graphics.cfg
File: graphics.cfg 2016/01/02 v1.10 sample graphics configuration
)
Package graphics Info: Driver file: pdftex.def on input line 96.

(/usr/local/texlive/2016/texmf-dist/tex/latex/pdftex-def/pdftex.def
File: pdftex.def 2011/05/27 v0.06d Graphics/color for pdfTeX

(/usr/local/texlive/2016/texmf-dist/tex/generic/oberdiek/infwarerr.sty
Package: infwarerr 2016/05/16 v1.4 Providing info/warning/error messages (HO)
)
(/usr/local/texlive/2016/texmf-dist/tex/generic/oberdiek/ltxcmds.sty
Package: ltxcmds 2016/05/16 v1.23 LaTeX kernel commands for general use (HO)
)
\Gread@gobject=\count88
))
\Gin@req@height=\dimen103
\Gin@req@width=\dimen104
)
(/usr/local/texlive/2016/texmf-dist/tex/latex/float/float.sty
Package: float 2001/11/08 v1.3d Float enhancements (AL)
\c@float@type=\count89
\float@exts=\toks17
\float@box=\box26
\@float@everytoks=\toks18
\@floatcapt=\box27
)
(/usr/local/texlive/2016/texmf-dist/tex/latex/geometry/geometry.sty
Package: geometry 2010/09/12 v5.6 Page Geometry

(/usr/local/texlive/2016/texmf-dist/tex/generic/oberdiek/ifpdf.sty
Package: ifpdf 2016/05/14 v3.1 Provides the ifpdf switch
)
(/usr/local/texlive/2016/texmf-dist/tex/generic/oberdiek/ifvtex.sty
Package: ifvtex 2016/05/16 v1.6 Detect VTeX and its facilities (HO)
Package ifvtex Info: VTeX not detected.
)
(/usr/local/texlive/2016/texmf-dist/tex/generic/ifxetex/ifxetex.sty
Package: ifxetex 2010/09/12 v0.6 Provides ifxetex conditional
)
\Gm@cnth=\count90
\Gm@cntv=\count91
\c@Gm@tempcnt=\count92
\Gm@bindingoffset=\dimen105
\Gm@wd@mp=\dimen106
\Gm@odd@mp=\dimen107
\Gm@even@mp=\dimen108
\Gm@layoutwidth=\dimen109
\Gm@layoutheight=\dimen110
\Gm@layouthoffset=\dimen111
\Gm@layoutvoffset=\dimen112
\Gm@dimlist=\toks19
)
(/usr/local/texlive/2016/texmf-dist/tex/latex/subfigure/subfigure.sty
Package: subfigure 2002/03/15 v2.1.5 subfigure package
\subfigtopskip=\skip43
\subfigcapskip=\skip44
\subfigcaptopadj=\dimen113
\subfigbottomskip=\skip45
\subfigcapmargin=\dimen114
\subfiglabelskip=\skip46
\c@subfigure=\count93
\c@lofdepth=\count94
\c@subtable=\count95
\c@lotdepth=\count96

****************************************
* Local config file subfigure.cfg used *
****************************************
(/usr/local/texlive/2016/texmf-dist/tex/latex/subfigure/subfigure.cfg)
\subfig@top=\skip47
\subfig@bottom=\skip48
)
(/usr/local/texlive/2016/texmf-dist/tex/latex/caption/caption.sty
Package: caption 2016/02/21 v3.3-144 Customizing captions (AR)

(/usr/local/texlive/2016/texmf-dist/tex/latex/caption/caption3.sty
Package: caption3 2016/02/04 v1.7-139 caption3 kernel (AR)
Package caption3 Info: TeX engine: e-TeX on input line 67.
\captionmargin=\dimen115
\captionmargin@=\dimen116
\captionwidth=\dimen117
\caption@tempdima=\dimen118
\caption@indent=\dimen119
\caption@parindent=\dimen120
\caption@hangindent=\dimen121
Package caption Info: Unknown document class (or package),
(caption)             standard defaults will be used.
)

Package caption Warning: Unsupported document class (or package) detected,
(caption)                usage of the caption package is not recommended.
See the caption package documentation for explanation.

Package caption Info: \@makecaption = \long macro:#1#2->\vskip \abovecaptionski
p \sbox \@tempboxa {\sffamily #1: #2}\ifdim \wd \@tempboxa >\hsize #1: #2\par \
else \global \@minipagefalse \hb@xt@ \hsize {\hfil \box \@tempboxa \hfil }\fi \
vskip \belowcaptionskip .
\c@ContinuedFloat=\count97
Package caption Info: float package is loaded.
Package caption Info: subfigure package is loaded.
) (/usr/local/texlive/2016/texmf-dist/tex/latex/rotating/rotating.sty
Package: rotating 2009/03/28 v2.16a rotated objects in LaTeX

(/usr/local/texlive/2016/texmf-dist/tex/latex/base/ifthen.sty
Package: ifthen 2014/09/29 v1.1c Standard LaTeX ifthen package (DPC)
)
\c@r@tfl@t=\count98
\rotFPtop=\skip49
\rotFPbot=\skip50
\rot@float@box=\box28
\rot@mess@toks=\toks20
)
(/usr/local/texlive/2016/texmf-dist/tex/latex/microtype/microtype.sty
Package: microtype 2016/05/14 v2.6a Micro-typographical refinements (RS)
\MT@toks=\toks21
\MT@count=\count99
LaTeX Info: Redefining \textls on input line 774.
\MT@outer@kern=\dimen122
LaTeX Info: Redefining \textmicrotypecontext on input line 1310.
\MT@listname@count=\count100

(/usr/local/texlive/2016/texmf-dist/tex/latex/microtype/microtype-pdftex.def
File: microtype-pdftex.def 2016/05/14 v2.6a Definitions specific to pdftex (RS)

LaTeX Info: Redefining \lsstyle on input line 916.
LaTeX Info: Redefining \lslig on input line 916.
\MT@outer@space=\skip51
)
Package microtype Info: Loading configuration file microtype.cfg.

(/usr/local/texlive/2016/texmf-dist/tex/latex/microtype/microtype.cfg
File: microtype.cfg 2016/05/14 v2.6a microtype main configuration file (RS)
))
(/usr/local/texlive/2016/texmf-dist/tex/latex/tocbibind/tocbibind.sty
Package: tocbibind 2010/10/13 v1.5k extra ToC listings
Package tocbibind Info: The document has chapter divisions on input line 50.


Package tocbibind Note: Using chapter style headings, unless overridden.

) (/usr/local/texlive/2016/texmf-dist/tex/latex/parskip/parskip.sty
Package: parskip 2001/04/09 non-zero parskip adjustments
)
(/usr/local/texlive/2016/texmf-dist/tex/latex/hyperref/hyperref.sty
Package: hyperref 2016/05/05 v6.83n Hypertext links for LaTeX

(/usr/local/texlive/2016/texmf-dist/tex/generic/oberdiek/hobsub-hyperref.sty
Package: hobsub-hyperref 2016/05/16 v1.14 Bundle oberdiek, subset hyperref (HO)


(/usr/local/texlive/2016/texmf-dist/tex/generic/oberdiek/hobsub-generic.sty
Package: hobsub-generic 2016/05/16 v1.14 Bundle oberdiek, subset generic (HO)
Package: hobsub 2016/05/16 v1.14 Construct package bundles (HO)
Package hobsub Info: Skipping package `infwarerr' (already loaded).
Package hobsub Info: Skipping package `ltxcmds' (already loaded).
Package: ifluatex 2016/05/16 v1.4 Provides the ifluatex switch (HO)
Package ifluatex Info: LuaTeX not detected.
Package hobsub Info: Skipping package `ifvtex' (already loaded).
Package: intcalc 2016/05/16 v1.2 Expandable calculations with integers (HO)
Package hobsub Info: Skipping package `ifpdf' (already loaded).
Package: etexcmds 2016/05/16 v1.6 Avoid name clashes with e-TeX commands (HO)
Package etexcmds Info: Could not find \expanded.
(etexcmds)             That can mean that you are not using pdfTeX 1.50 or
(etexcmds)             that some package has redefined \expanded.
(etexcmds)             In the latter case, load this package earlier.
Package: kvsetkeys 2016/05/16 v1.17 Key value parser (HO)
Package: kvdefinekeys 2016/05/16 v1.4 Define keys (HO)
Package: pdftexcmds 2016/05/10 v0.21 Utility functions of pdfTeX for LuaTeX (HO
)
Package pdftexcmds Info: LuaTeX not detected.
Package pdftexcmds Info: \pdf@primitive is available.
Package pdftexcmds Info: \pdf@ifprimitive is available.
Package pdftexcmds Info: \pdfdraftmode found.
Package: pdfescape 2016/05/16 v1.14 Implements pdfTeX's escape features (HO)
Package: bigintcalc 2016/05/16 v1.4 Expandable calculations on big integers (HO
)
Package: bitset 2016/05/16 v1.2 Handle bit-vector datatype (HO)
Package: uniquecounter 2016/05/16 v1.3 Provide unlimited unique counter (HO)
)
Package hobsub Info: Skipping package `hobsub' (already loaded).
Package: letltxmacro 2016/05/16 v1.5 Let assignment for LaTeX macros (HO)
Package: hopatch 2016/05/16 v1.3 Wrapper for package hooks (HO)
Package: xcolor-patch 2016/05/16 xcolor patch
Package: atveryend 2016/05/16 v1.9 Hooks at the very end of document (HO)
Package atveryend Info: \enddocument detected (standard20110627).
Package: atbegshi 2016/05/16 v1.17 At begin shipout hook (HO)
Package: refcount 2016/05/16 v3.5 Data extraction from label references (HO)
Package: hycolor 2016/05/16 v1.8 Color options for hyperref/bookmark (HO)
)
(/usr/local/texlive/2016/texmf-dist/tex/latex/oberdiek/auxhook.sty
Package: auxhook 2016/05/16 v1.4 Hooks for auxiliary files (HO)
)
(/usr/local/texlive/2016/texmf-dist/tex/latex/oberdiek/kvoptions.sty
Package: kvoptions 2016/05/16 v3.12 Key value format for package options (HO)
)
\@linkdim=\dimen123
\Hy@linkcounter=\count101
\Hy@pagecounter=\count102

(/usr/local/texlive/2016/texmf-dist/tex/latex/hyperref/pd1enc.def
File: pd1enc.def 2016/05/05 v6.83n Hyperref: PDFDocEncoding definition (HO)
)
\Hy@SavedSpaceFactor=\count103

(/usr/local/texlive/2016/texmf-dist/tex/latex/latexconfig/hyperref.cfg
File: hyperref.cfg 2002/06/06 v1.2 hyperref configuration of TeXLive
)
Package hyperref Info: Option `plainpages' set `false' on input line 4322.
Package hyperref Info: Hyper figures OFF on input line 4446.
Package hyperref Info: Link nesting OFF on input line 4451.
Package hyperref Info: Hyper index ON on input line 4454.
Package hyperref Info: Plain pages OFF on input line 4461.
Package hyperref Info: Backreferencing OFF on input line 4466.
Package hyperref Info: Implicit mode ON; LaTeX internals redefined.
Package hyperref Info: Bookmarks ON on input line 4691.
\c@Hy@tempcnt=\count104

(/usr/local/texlive/2016/texmf-dist/tex/latex/url/url.sty
\Urlmuskip=\muskip10
Package: url 2013/09/16  ver 3.4  Verb mode for urls, etc.
)
LaTeX Info: Redefining \url on input line 5044.
\XeTeXLinkMargin=\dimen124
\Fld@menulength=\count105
\Field@Width=\dimen125
\Fld@charsize=\dimen126
Package hyperref Info: Hyper figures OFF on input line 6298.
Package hyperref Info: Link nesting OFF on input line 6303.
Package hyperref Info: Hyper index ON on input line 6306.
Package hyperref Info: backreferencing OFF on input line 6313.
Package hyperref Info: Link coloring OFF on input line 6318.
Package hyperref Info: Link coloring with OCG OFF on input line 6323.
Package hyperref Info: PDF/A mode OFF on input line 6328.
LaTeX Info: Redefining \ref on input line 6368.
LaTeX Info: Redefining \pageref on input line 6372.
\Hy@abspage=\count106
\c@Item=\count107
\c@Hfootnote=\count108
)

Package hyperref Message: Driver: hpdftex.

(/usr/local/texlive/2016/texmf-dist/tex/latex/hyperref/hpdftex.def
File: hpdftex.def 2016/05/05 v6.83n Hyperref driver for pdfTeX
\Fld@listcount=\count109
\c@bookmark@seq@number=\count110

(/usr/local/texlive/2016/texmf-dist/tex/latex/oberdiek/rerunfilecheck.sty
Package: rerunfilecheck 2016/05/16 v1.8 Rerun checks for auxiliary files (HO)
Package uniquecounter Info: New unique counter `rerunfilecheck' on input line 2
82.
)
\Hy@SectionHShift=\skip52
)
(./bachelorthesis.aux

LaTeX Warning: Label `wu11' multiply defined.

)
\openout1 = `bachelorthesis.aux'.

LaTeX Font Info:    Checking defaults for OML/cmm/m/it on input line 92.
LaTeX Font Info:    ... okay on input line 92.
LaTeX Font Info:    Checking defaults for T1/cmr/m/n on input line 92.
LaTeX Font Info:    ... okay on input line 92.
LaTeX Font Info:    Checking defaults for OT1/cmr/m/n on input line 92.
LaTeX Font Info:    ... okay on input line 92.
LaTeX Font Info:    Checking defaults for OMS/cmsy/m/n on input line 92.
LaTeX Font Info:    ... okay on input line 92.
LaTeX Font Info:    Checking defaults for OMX/cmex/m/n on input line 92.
LaTeX Font Info:    ... okay on input line 92.
LaTeX Font Info:    Checking defaults for U/cmr/m/n on input line 92.
LaTeX Font Info:    ... okay on input line 92.
LaTeX Font Info:    Checking defaults for PD1/pdf/m/n on input line 92.
LaTeX Font Info:    ... okay on input line 92.
LaTeX Font Info:    Try loading font information for OT1+ptm on input line 92.
 (/usr/local/texlive/2016/texmf-dist/tex/latex/psnfss/ot1ptm.fd
File: ot1ptm.fd 2001/06/04 font definitions for OT1/ptm.
)
(/usr/local/texlive/2016/texmf-dist/tex/context/base/mkii/supp-pdf.mkii
[Loading MPS to PDF converter (version 2006.09.02).]
\scratchcounter=\count111
\scratchdimen=\dimen127
\scratchbox=\box29
\nofMPsegments=\count112
\nofMParguments=\count113
\everyMPshowfont=\toks22
\MPscratchCnt=\count114
\MPscratchDim=\dimen128
\MPnumerator=\count115
\makeMPintoPDFobject=\count116
\everyMPtoPDFconversion=\toks23
) (/usr/local/texlive/2016/texmf-dist/tex/latex/oberdiek/epstopdf-base.sty
Package: epstopdf-base 2016/05/15 v2.6 Base part for package epstopdf

(/usr/local/texlive/2016/texmf-dist/tex/latex/oberdiek/grfext.sty
Package: grfext 2016/05/16 v1.2 Manage graphics extensions (HO)
)
Package grfext Info: Graphics extension search list:
(grfext)             [.pdf,.png,.jpg,.eps]
(grfext)             \AppendGraphicsExtensions on input line 456.

(/usr/local/texlive/2016/texmf-dist/tex/latex/latexconfig/epstopdf-sys.cfg
File: epstopdf-sys.cfg 2010/07/13 v1.3 Configuration of (r)epstopdf for TeX Liv
e
))
*geometry* driver: auto-detecting
*geometry* detected driver: pdftex
*geometry* verbose mode - [ preamble ] result:
* driver: pdftex
* paper: a4paper
* layout: <same size as paper>
* layoutoffset:(h,v)=(0.0pt,0.0pt)
* modes: twoside 
* h-part:(L,W,R)=(71.70166pt, 418.25368pt, 107.55254pt)
* v-part:(T,H,B)=(101.40665pt, 591.5302pt, 152.11pt)
* \paperwidth=597.50787pt
* \paperheight=845.04684pt
* \textwidth=418.25368pt
* \textheight=591.5302pt
* \oddsidemargin=-0.56833pt
* \evensidemargin=35.28255pt
* \topmargin=-7.86334pt
* \headheight=12.0pt
* \headsep=25.0pt
* \topskip=11.0pt
* \footskip=30.0pt
* \marginparwidth=103.0pt
* \marginparsep=10.0pt
* \columnsep=10.0pt
* \skip\footins=10.0pt plus 4.0pt minus 2.0pt
* \hoffset=0.0pt
* \voffset=0.0pt
* \mag=1000
* \@twocolumnfalse
* \@twosidetrue
* \@mparswitchtrue
* \@reversemarginfalse
* (1in=72.27pt=25.4mm, 1cm=28.453pt)

Package caption Info: Begin \AtBeginDocument code.
Package caption Info: hyperref package is loaded.
Package caption Info: rotating package is loaded.
Package caption Info: End \AtBeginDocument code.
LaTeX Info: Redefining \microtypecontext on input line 92.
Package microtype Info: Generating PDF output.
Package microtype Info: Character protrusion enabled (level 2).
Package microtype Info: Using default protrusion set `alltext'.
Package microtype Info: Automatic font expansion enabled (level 2),
(microtype)             stretch: 20, shrink: 20, step: 1, non-selected.
Package microtype Info: Using default expansion set `basictext'.
Package microtype Info: No adjustment of tracking.
Package microtype Info: No adjustment of interword spacing.
Package microtype Info: No adjustment of character kerning.
(/usr/local/texlive/2016/texmf-dist/tex/latex/microtype/mt-ptm.cfg
File: mt-ptm.cfg 2006/04/20 v1.7 microtype config. file: Times (RS)
)
\AtBeginShipoutBox=\box30
Package hyperref Info: Link coloring OFF on input line 92.

(/usr/local/texlive/2016/texmf-dist/tex/latex/hyperref/nameref.sty
Package: nameref 2012/10/27 v2.43 Cross-referencing by name of section

(/usr/local/texlive/2016/texmf-dist/tex/generic/oberdiek/gettitlestring.sty
Package: gettitlestring 2016/05/16 v1.5 Cleanup title references (HO)
)
\c@section@level=\count117
)
LaTeX Info: Redefining \ref on input line 92.
LaTeX Info: Redefining \pageref on input line 92.
LaTeX Info: Redefining \nameref on input line 92.

(./bachelorthesis.out) (./bachelorthesis.out)
\@outlinefile=\write3
\openout3 = `bachelorthesis.out'.

LaTeX Font Info:    Try loading font information for OT1+phv on input line 94.

(/usr/local/texlive/2016/texmf-dist/tex/latex/psnfss/ot1phv.fd
File: ot1phv.fd 2001/06/04 scalable font definitions for OT1/phv.
)
Package microtype Info: Loading generic settings for font family
(microtype)             `phv' (encoding: OT1).
(microtype)             For optimal results, create family-specific settings.
(microtype)             See the microtype manual for details.
 [1

{/usr/local/texlive/2016/texmf-var/fonts/map/pdftex/updmap/pdftex.map}] [2] [3]

(./bachelorthesis.toc
(/usr/local/texlive/2016/texmf-dist/tex/latex/microtype/mt-cmr.cfg
File: mt-cmr.cfg 2013/05/19 v2.2 microtype config. file: Computer Modern Roman 
(RS)
)
LaTeX Font Info:    External font `cmex10' loaded for size
(Font)              <10.95> on input line 4.
LaTeX Font Info:    External font `cmex10' loaded for size
(Font)              <8> on input line 4.
LaTeX Font Info:    External font `cmex10' loaded for size
(Font)              <6> on input line 4.
 [1

])
\tf@toc=\write4
\openout4 = `bachelorthesis.toc'.


[2] (./bachelorthesis.lof [3

])
\tf@lof=\write5
\openout5 = `bachelorthesis.lof'.

 [4] [5

]pdfTeX warning (ext4): destination with the same identifier (name{page.i}) has
 been already used, duplicate ignored
<to be read again> 
                   \relax 
l.124 \end{abstract}
                     [1]pdfTeX warning (ext4): destination with the same identi
fier (name{page.ii}) has been already used, duplicate ignored
<to be read again> 
                   \relax 
l.126 \cleardoublepage
                       [2

] (./1-Intro.tex
Chapter 1.
pdfTeX warning (ext4): destination with the same identifier (name{page.1}) has 
been already used, duplicate ignored
<to be read again> 
                   \relax 
l.10 
      [1

]) (./2-RelatedWork.texpdfTeX warning (ext4): destination with the same identif
ier (name{page.2}) has been already used, duplicate ignored
<to be read again> 
                   \relax 
l.1 \chapter
            {Related Work} [2]
Chapter 2.
pdfTeX warning (ext4): destination with the same identifier (name{page.3}) has 
been already used, duplicate ignored
<to be read again> 
                   \relax 
l.9 \newpage
             [3

]
<./images/chapter-2/NetworkStack.jpg, id=371, 518.93875pt x 257.96375pt>
File: ./images/chapter-2/NetworkStack.jpg Graphic file (type jpg)

<use ./images/chapter-2/NetworkStack.jpg>
Package pdftex.def Info: ./images/chapter-2/NetworkStack.jpg used on input line
 23.
(pdftex.def)             Requested size: 311.36565pt x 154.77943pt.
 [4 <./images/chapter-2/NetworkStack.jpg>] <./images/chapter-2/InterestAndData.
png, id=379, 636.3775pt x 266.9975pt>
File: ./images/chapter-2/InterestAndData.png Graphic file (type png)

<use ./images/chapter-2/InterestAndData.png>
Package pdftex.def Info: ./images/chapter-2/InterestAndData.png used on input l
ine 44.
(pdftex.def)             Requested size: 350.0087pt x 146.84906pt.
 [5 <./images/chapter-2/InterestAndData.png>] [6]
<./images/chapter-2/NDNcommunication.png, id=397, 620.3175pt x 383.4325pt>
File: ./images/chapter-2/NDNcommunication.png Graphic file (type png)

<use ./images/chapter-2/NDNcommunication.png>
Package pdftex.def Info: ./images/chapter-2/NDNcommunication.png used on input 
line 71.
(pdftex.def)             Requested size: 372.19337pt x 230.06126pt.

Underfull \vbox (badness 10000) has occurred while \output is active []

 [7 <./images/chapter-2/NDNcommunication.png>]
<./images/chapter-2/SimpleInterestForwarding.png, id=406, 381.425pt x 493.845pt
>
File: ./images/chapter-2/SimpleInterestForwarding.png Graphic file (type png)
 <use ./images/chapter-2/SimpleInterestForwarding.png>
Package pdftex.def Info: ./images/chapter-2/SimpleInterestForwarding.png used o
n input line 86.
(pdftex.def)             Requested size: 171.63965pt x 222.22818pt.
 [8 <./images/chapter-2/SimpleInterestForwarding.png>] [9

] [10

]
<./images/chapter-2/VANETecosystem.png, id=427, 818.05624pt x 655.44875pt>
File: ./images/chapter-2/VANETecosystem.png Graphic file (type png)

<use ./images/chapter-2/VANETecosystem.png>
Package pdftex.def Info: ./images/chapter-2/VANETecosystem.png used on input li
ne 137.
(pdftex.def)             Requested size: 327.21669pt x 262.17485pt.
 [11 <./images/chapter-2/VANETecosystem.png>]) (./3-ndnSIM.tex [12]
Chapter 3.
[13

]
<./images/chapter-3/ndnSIMcomponentAbstraction.png, id=453, 590.205pt x 474.773
74pt>
File: ./images/chapter-3/ndnSIMcomponentAbstraction.png Graphic file (type png)

 <use ./images/chapter-3/ndnSIMcomponentAbstraction.png>
Package pdftex.def Info: ./images/chapter-3/ndnSIMcomponentAbstraction.png used
 on input line 17.
(pdftex.def)             Requested size: 295.10178pt x 237.38629pt.
 [14 <./images/chapter-3/ndnSIMcomponentAbstraction.png>]
<./images/chapter-3/CommunicationLayerAbstraction.png, id=462, 506.89375pt x 40
0.49625pt>
File: ./images/chapter-3/CommunicationLayerAbstraction.png Graphic file (type p
ng)
 <use ./images/chapter-3/CommunicationLayerAbstraction.png>
Package pdftex.def Info: ./images/chapter-3/CommunicationLayerAbstraction.png u
sed on input line 34.
(pdftex.def)             Requested size: 253.44626pt x 200.24763pt.

Underfull \vbox (badness 3954) has occurred while \output is active []

 [15 <./images/chapter-3/CommunicationLayerAbstraction.png>]
<./images/chapter-3/PITdataStructure.png, id=471, 748.7975pt x 377.41pt>
File: ./images/chapter-3/PITdataStructure.png Graphic file (type png)

<use ./images/chapter-3/PITdataStructure.png>
Package pdftex.def Info: ./images/chapter-3/PITdataStructure.png used on input 
line 55.
(pdftex.def)             Requested size: 434.30286pt x 218.89795pt.

Overfull \hbox (16.04918pt too wide) in paragraph at lines 55--56
 [][] 
 []

[16 <./images/chapter-3/PITdataStructure.png>]
<./images/chapter-3/FIBdataStructure.png, id=480, 563.10374pt x 192.72pt>
File: ./images/chapter-3/FIBdataStructure.png Graphic file (type png)

<use ./images/chapter-3/FIBdataStructure.png>
Package pdftex.def Info: ./images/chapter-3/FIBdataStructure.png used on input 
line 72.
(pdftex.def)             Requested size: 337.86485pt x 115.63287pt.

Underfull \vbox (badness 4647) has occurred while \output is active []

 [17 <./images/chapter-3/FIBdataStructure.png>]
LaTeX Font Info:    Try loading font information for OMS+ptm on input line 86.

(/usr/local/texlive/2016/texmf-dist/tex/latex/psnfss/omsptm.fd
File: omsptm.fd 
)
LaTeX Font Info:    Font shape `OMS/ptm/m/n' in size <10.95> not available
(Font)              Font shape `OMS/cmsy/m/n' tried instead on input line 86.

<./images/chapter-3/Simulation.png, id=489, 642.4pt x 505.89pt>
File: ./images/chapter-3/Simulation.png Graphic file (type png)

<use ./images/chapter-3/Simulation.png>
Package pdftex.def Info: ./images/chapter-3/Simulation.png used on input line 1
13.
(pdftex.def)             Requested size: 321.19922pt x 252.94437pt.

Underfull \vbox (badness 5681) has occurred while \output is active []

 [18]
[19 <./images/chapter-3/Simulation.png>]
<./images/chapter-3/PITandFIBvis.png, id=501, 602.25pt x 446.66875pt>
File: ./images/chapter-3/PITandFIBvis.png Graphic file (type png)

<use ./images/chapter-3/PITandFIBvis.png>
Package pdftex.def Info: ./images/chapter-3/PITandFIBvis.png used on input line
 128.
(pdftex.def)             Requested size: 301.12425pt x 223.33382pt.

<./images/chapter-3/PipelinesAndStrategies.png, id=504, 937.5025pt x 478.78876p
t>
File: ./images/chapter-3/PipelinesAndStrategies.png Graphic file (type png)
 <use ./images/chapter-3/PipelinesAndStrategies.png>
Package pdftex.def Info: ./images/chapter-3/PipelinesAndStrategies.png used on 
input line 151.
(pdftex.def)             Requested size: 440.62624pt x 225.03075pt.

Overfull \hbox (22.37256pt too wide) in paragraph at lines 151--152
 [][] 
 []

[20

 <./images/chapter-3/PITandFIBvis.png>] [21 <./images/chapter-3/PipelinesAndStr
ategies.png>]
LaTeX Font Info:    Try loading font information for OT1+pcr on input line 185.

 (/usr/local/texlive/2016/texmf-dist/tex/latex/psnfss/ot1pcr.fd
File: ot1pcr.fd 2001/06/04 font definitions for OT1/pcr.
)
Package microtype Info: Loading generic settings for font family
(microtype)             `pcr' (encoding: OT1).
(microtype)             For optimal results, create family-specific settings.
(microtype)             See the microtype manual for details.

Underfull \hbox (badness 10000) in paragraph at lines 185--186
\OT1/ptm/m/n/10.95 (+20) After re-ceiv-ing an In-ter-est packet through a face 
im-ple-mented in
 []


<./images/chapter-3/IncomingInterestPipeline.png, id=518, 620.3175pt x 366.3687
4pt>
File: ./images/chapter-3/IncomingInterestPipeline.png Graphic file (type png)
 <use ./images/chapter-3/IncomingInterestPipeline.png>
Package pdftex.def Info: ./images/chapter-3/IncomingInterestPipeline.png used o
n input line 191.
(pdftex.def)             Requested size: 372.19337pt x 219.82294pt.
 [22 <./images/chapter-3/IncomingInterestPipeline.png>] [23]
Underfull \hbox (badness 6396) in paragraph at lines 224--225
\OT1/ptm/m/n/10.95 (+20) If the Con-tentStore lookup in \OT1/pcr/m/n/10.95 Forw
arder::onIncomingInterest \OT1/ptm/m/n/10.95 (+20) does yield
 []


Underfull \hbox (badness 5403) in paragraph at lines 224--225
\OT1/ptm/m/n/10.95 (+20) a match, the con-tent store hit pipeline is called thr
ough its im-ple-men-ta-tion in
 []


Underfull \hbox (badness 1077) in paragraph at lines 230--231
\OT1/ptm/m/n/10.95 (+20) The \OT1/pcr/m/n/10.95 Forwarder::onOutgoingInterest \
OT1/ptm/m/n/10.95 (+20) method im-ple-ments the out-go-ing In-ter-est
 []


<./images/chapter-3/OutgoingInterestPipeline.png, id=544, 612.2875pt x 215.8062
4pt>
File: ./images/chapter-3/OutgoingInterestPipeline.png Graphic file (type png)
 <use ./images/chapter-3/OutgoingInterestPipeline.png>
Package pdftex.def Info: ./images/chapter-3/OutgoingInterestPipeline.png used o
n input line 236.
(pdftex.def)             Requested size: 385.74316pt x 135.95865pt.
 [24 <./images/chapter-3/OutgoingInterestPipeline.png>]
Underfull \hbox (badness 4205) in paragraph at lines 263--265
\OT1/pcr/m/n/10.95 Face::onReceiveData \OT1/ptm/m/n/10.95 (+20) fires when a Da
ta ar-rives at a face. It trig-gers the
 []

[25]
<./images/chapter-3/IncomingDataPipeline.png, id=567, 641.39626pt x 410.53375pt
>
File: ./images/chapter-3/IncomingDataPipeline.png Graphic file (type png)
 <use ./images/chapter-3/IncomingDataPipeline.png>
Package pdftex.def Info: ./images/chapter-3/IncomingDataPipeline.png used on in
put line 272.
(pdftex.def)             Requested size: 416.90262pt x 266.84377pt.

Underfull \hbox (badness 10000) in paragraph at lines 284--285
[]\OT1/ptm/m/n/10.95 (+20) The re-spon-si-ble strat-egy is de-ter-mined and tri
g-gers the method
 []

[26

 <./images/chapter-3/IncomingDataPipeline.png>])
(./4-DesignAndImplementation.tex [27] [28

]
Chapter 4.

Underfull \hbox (badness 1502) in paragraph at lines 7--8
\OT1/ptm/m/n/10.95 (+20) The cur-rent im-ple-men-ta-tion re-lies only on face i
ds of the ap-pli-ca-tion or net de-vice
 []

[29] [30]
<./images/chapter-4/incomingInterestPipelineWithMac.png, id=606, 608.2725pt x 2
45.91875pt>
File: ./images/chapter-4/incomingInterestPipelineWithMac.png Graphic file (type
 png)
 <use ./images/chapter-4/incomingInterestPipelineWithMac.png>
Package pdftex.def Info: ./images/chapter-4/incomingInterestPipelineWithMac.png
 used on input line 36.
(pdftex.def)             Requested size: 364.96632pt x 147.55237pt.

[31

 <./images/chapter-4/incomingInterestPipelineWithMac.png>]
<./images/chapter-4/incomingDataPipelineWithMac.png, id=616, 648.4225pt x 383.4
325pt>
File: ./images/chapter-4/incomingDataPipelineWithMac.png Graphic file (type png
)
 <use ./images/chapter-4/incomingDataPipelineWithMac.png>
Package pdftex.def Info: ./images/chapter-4/incomingDataPipelineWithMac.png use
d on input line 75.
(pdftex.def)             Requested size: 389.0565pt x 230.06126pt.
 [32]
Underfull \hbox (badness 10000) in paragraph at lines 85--86
[]\OT1/ptm/m/n/10.95 (+20) After the node has re-ceived the Data packet, the me
m-ber vari-able
 []

[33 <./images/chapter-4/incomingDataPipelineWithMac.png>]
<./images/chapter-4/newFIBdataStructure.png, id=638, 768.8725pt x 291.0875pt>
File: ./images/chapter-4/newFIBdataStructure.png Graphic file (type png)

<use ./images/chapter-4/newFIBdataStructure.png>
Package pdftex.def Info: ./images/chapter-4/newFIBdataStructure.png used on inp
ut line 106.
(pdftex.def)             Requested size: 461.32706pt x 174.65384pt.

Overfull \hbox (43.07338pt too wide) in paragraph at lines 106--107
 [][] 
 []

[34 <./images/chapter-4/newFIBdataStructure.png>]
<./images/chapter-4/newPITdataStructure.png, id=646, 761.84625pt x 437.635pt>
File: ./images/chapter-4/newPITdataStructure.png Graphic file (type png)

<use ./images/chapter-4/newPITdataStructure.png>
Package pdftex.def Info: ./images/chapter-4/newPITdataStructure.png used on inp
ut line 125.
(pdftex.def)             Requested size: 457.11128pt x 262.58302pt.

Overfull \hbox (38.8576pt too wide) in paragraph at lines 125--126
 [][] 
 []

) (./5-Evaluation.tex [35 <./images/chapter-4/newPITdataStructure.png>]
[36

]
Chapter 5.

Underfull \hbox (badness 3250) in paragraph at lines 9--10
\OT1/ptm/m/n/10.95 (+20) All tests are run on the ns-3 net-work sim-u-la-tor wi
th ndnSIM ver-sion 2.0. As
 []


Underfull \hbox (badness 7451) in paragraph at lines 9--10
\OT1/ptm/m/n/10.95 (+20) WiFi stan-dard 802.11a was used, which means each node
 has a trans-mis-sion
 []


Underfull \hbox (badness 1895) in paragraph at lines 9--10
\OT1/ptm/m/n/10.95 (+20) range of ap-prox-i-mately 120 me-ters in open space [[
]] . For the prop-a-ga-tion de-
 []


Underfull \hbox (badness 10000) in paragraph at lines 9--10
\OT1/ptm/m/n/10.95 (+20) lay \OT1/pcr/m/n/10.95 ns3::ConstantSpeedPropagationDe
layModel \OT1/ptm/m/n/10.95 (+20) was used and for the
 []


Underfull \hbox (badness 10000) in paragraph at lines 9--10
\OT1/ptm/m/n/10.95 (+20) prop-a-ga-tion loss \OT1/pcr/m/n/10.95 ns3::ThreeLogDi
stancePropagationLossModel \OT1/ptm/m/n/10.95 (+20) and
 []


Underfull \hbox (badness 2012) in paragraph at lines 9--10
\OT1/pcr/m/n/10.95 ns3::NakamiPropagationLossModel \OT1/ptm/m/n/10.95 (+20) wer
e used. In-ter-est life-time is set to 4
 []

[37]
<./images/chapter-5/ns2traceFileStatic.png, id=664, 530.98375pt x 332.24126pt>
File: ./images/chapter-5/ns2traceFileStatic.png Graphic file (type png)

<use ./images/chapter-5/ns2traceFileStatic.png>
Package pdftex.def Info: ./images/chapter-5/ns2traceFileStatic.png used on inpu
t line 19.
(pdftex.def)             Requested size: 318.5927pt x 199.34628pt.
 [38 <./images/chapter-5/ns2traceFileStatic.png>]
<./images/chapter-5/ns2traceFileDynamic.png, id=670, 397.485pt x 214.8025pt>
File: ./images/chapter-5/ns2traceFileDynamic.png Graphic file (type png)

<use ./images/chapter-5/ns2traceFileDynamic.png>
Package pdftex.def Info: ./images/chapter-5/ns2traceFileDynamic.png used on inp
ut line 30.
(pdftex.def)             Requested size: 238.49283pt x 128.88249pt.
 [39

 <./images/chapter-5/ns2traceFileDynamic.png>]
<./images/chapter-5/scenario1.png, id=677, 704.6325pt x 553.06625pt>
File: ./images/chapter-5/scenario1.png Graphic file (type png)

<use ./images/chapter-5/scenario1.png>
Package pdftex.def Info: ./images/chapter-5/scenario1.png used on input line 45
.
(pdftex.def)             Requested size: 352.3154pt x 276.53244pt.

<./images/chapter-5/staticS1ratio.png, id=678, 631.35875pt x 383.4325pt>
File: ./images/chapter-5/staticS1ratio.png Graphic file (type png)

<use ./images/chapter-5/staticS1ratio.png>
Package pdftex.def Info: ./images/chapter-5/staticS1ratio.png used on input lin
e 58.
(pdftex.def)             Requested size: 378.81818pt x 230.06126pt.
 [40

 <./images/chapter-5/scenario1.png>] [41 <./images/chapter-5/staticS1ratio.png>
]
<./images/chapter-5/staticS1iod.png, id=691, 633.36626pt x 385.44pt>
File: ./images/chapter-5/staticS1iod.png Graphic file (type png)

<use ./images/chapter-5/staticS1iod.png>
Package pdftex.def Info: ./images/chapter-5/staticS1iod.png used on input line 
73.
(pdftex.def)             Requested size: 380.02269pt x 231.26578pt.
 [42

 <./images/chapter-5/staticS1iod.png>]
<./images/chapter-5/staticS1latency.png, id=700, 627.34375pt x 378.41376pt>
File: ./images/chapter-5/staticS1latency.png Graphic file (type png)

<use ./images/chapter-5/staticS1latency.png>
Package pdftex.def Info: ./images/chapter-5/staticS1latency.png used on input l
ine 84.
(pdftex.def)             Requested size: 376.40915pt x 227.05pt.
 [43

 <./images/chapter-5/staticS1latency.png>] <./images/chapter-5/scenario2.png, i
d=708, 702.625pt x 588.1975pt>
File: ./images/chapter-5/scenario2.png Graphic file (type png)

<use ./images/chapter-5/scenario2.png>
Package pdftex.def Info: ./images/chapter-5/scenario2.png used on input line 10
9.
(pdftex.def)             Requested size: 281.04501pt x 235.27483pt.

Underfull \vbox (badness 2119) has occurred while \output is active []

 [44 <./images/chapter-5/scenario2.png>]
<./images/chapter-5/scenario2extended.png, id=714, 818.05624pt x 605.26125pt>
File: ./images/chapter-5/scenario2extended.png Graphic file (type png)

<use ./images/chapter-5/scenario2extended.png>
Package pdftex.def Info: ./images/chapter-5/scenario2extended.png used on input
 line 122.
(pdftex.def)             Requested size: 327.21669pt x 242.1002pt.

<./images/chapter-5/scenario2ratio.png, id=716, 634.37pt x 386.44376pt>
File: ./images/chapter-5/scenario2ratio.png Graphic file (type png)

<use ./images/chapter-5/scenario2ratio.png>
Package pdftex.def Info: ./images/chapter-5/scenario2ratio.png used on input li
ne 133.
(pdftex.def)             Requested size: 380.62492pt x 231.86804pt.

Underfull \vbox (badness 7576) has occurred while \output is active []

 [45 <./images/chapter-5/scenario2extended.png>] [46 <./images/chapter-5/scenar
io2ratio.png>] <./images/chapter-5/scenario2iod.png, id=731, 632.3625pt x 385.4
4pt>
File: ./images/chapter-5/scenario2iod.png Graphic file (type png)

<use ./images/chapter-5/scenario2iod.png>
Package pdftex.def Info: ./images/chapter-5/scenario2iod.png used on input line
 147.
(pdftex.def)             Requested size: 379.42043pt x 231.26578pt.
 [47

 <./images/chapter-5/scenario2iod.png>] <./images/chapter-5/scenario2latency.pn
g, id=738, 638.385pt x 381.425pt>
File: ./images/chapter-5/scenario2latency.png Graphic file (type png)

<use ./images/chapter-5/scenario2latency.png>
Package pdftex.def Info: ./images/chapter-5/scenario2latency.png used on input 
line 162.
(pdftex.def)             Requested size: 383.03394pt x 228.85675pt.
) (./6-Conclusion.tex [48

 <./images/chapter-5/scenario2latency.png>]
Chapter 6.
[49

]) (./8-Bibliography.tex [50] [51

]pdfTeX warning (ext4): destination with the same identifier (name{cite.wu11}) 
has been already used, duplicate ignored
<to be read again> 
                   \relax 
l.87 \bibitem{wu11}
                   
Underfull \hbox (badness 10000) in paragraph at lines 111--113
[]\OT1/ptm/m/n/10.95 (+20) "IEEE 802.11," Jan-uary 2017. [On-line]. Avail-able:
 https://en.wikipedia.org/
 []


Underfull \hbox (badness 10000) in paragraph at lines 115--116
[]\OT1/ptm/m/n/10.95 (+20) "Named data net-work-ing," Febru-ary 2017. [On-line]
. Avail-able:
 []


Underfull \hbox (badness 10000) in paragraph at lines 128--129
[]\OT1/ptm/m/n/10.95 (+20) ndnSIM Re-lease Notes. Jan-uary 2017. [On-line]. Ava
il-able:
 []


Underfull \hbox (badness 10000) in paragraph at lines 128--129
\OT1/ptm/m/n/10.95 (+20) https://ndnsim.net/2.3/RELEASE[]NOTES.html#release-2-0
-changes-since-release-
 []

)
No file bachelorthesis.bbl.
Package atveryend Info: Empty hook `BeforeClearDocument' on input line 144.
[52]
Package atveryend Info: Empty hook `AfterLastShipout' on input line 144.
 (./bachelorthesis.aux)
Package atveryend Info: Executing hook `AtVeryEndDocument' on input line 144.
Package atveryend Info: Executing hook `AtEndAfterFileList' on input line 144.
Package rerunfilecheck Info: File `bachelorthesis.out' has not changed.
(rerunfilecheck)             Checksum: 723A9930A8717F786AA5DFD1F38CDED6;3009.


LaTeX Warning: There were multiply-defined labels.

Package atveryend Info: Empty hook `AtVeryVeryEnd' on input line 144.
 ) 
Here is how much of TeX's memory you used:
 9405 strings out of 493014
 150466 string characters out of 6133351
 264080 words of memory out of 5000000
 12354 multiletter control sequences out of 15000+600000
 38998 words of font info for 190 fonts, out of 8000000 for 9000
 1141 hyphenation exceptions out of 8191
 36i,7n,42p,1593b,444s stack positions out of 5000i,500n,10000p,200000b,80000s
{/usr/local/texlive/2016/texmf-dist/fonts/enc/dvips/base/8r.enc}</usr/local/t
exlive/2016/texmf-dist/fonts/type1/public/amsfonts/cm/cmsy10.pfb></usr/local/te
xlive/2016/texmf-dist/fonts/type1/urw/courier/ucrr8a.pfb></usr/local/texlive/20
16/texmf-dist/fonts/type1/urw/helvetic/uhvb8a.pfb></usr/local/texlive/2016/texm
f-dist/fonts/type1/urw/helvetic/uhvr8a.pfb></usr/local/texlive/2016/texmf-dist/
fonts/type1/urw/times/utmb8a.pfb></usr/local/texlive/2016/texmf-dist/fonts/type
1/urw/times/utmr8a.pfb></usr/local/texlive/2016/texmf-dist/fonts/type1/urw/time
s/utmri8a.pfb>
Output written on bachelorthesis.pdf (62 pages, 1709806 bytes).
PDF statistics:
 843 PDF objects out of 1000 (max. 8388607)
 703 compressed objects within 8 object streams
 200 named destinations out of 1000 (max. 500000)
 30191 words of extra memory for PDF output out of 35830 (max. 10000000)

